[0.007s] Invoking command in '/home/abood/bumperbot_ws/build/bumperbot_description': CMAKE_PREFIX_PATH=${CMAKE_PREFIX_PATH}:/home/abood/ros2_test/install/turtlesim_catch_them_all:/home/abood/ros2_test/install/my_py_pkg:/opt/ros/humble /usr/bin/cmake /home/abood/bumperbot_ws/src/bumperbot_description -DCMAKE_INSTALL_PREFIX=/home/abood/bumperbot_ws/install/bumperbot_description
[0.014s] -- Found ament_cmake: 1.3.12 (/opt/ros/humble/share/ament_cmake/cmake)
[0.101s] [31mCMake Error at CMakeLists.txt:15 (find_package):
[0.101s]   By not providing "Findament_lint_auto.cmake" in CMAKE_MODULE_PATH this
[0.101s]   project has asked CMake to find a package configuration file provided by
[0.101s]   "ament_lint_auto", but CMake did not find one.
[0.101s] 
[0.101s]   Could not find a package configuration file provided by "ament_lint_auto"
[0.102s]   with any of the following names:
[0.102s] 
[0.102s]     ament_lint_autoConfig.cmake
[0.102s]     ament_lint_auto-config.cmake
[0.102s] 
[0.102s]   Add the installation prefix of "ament_lint_auto" to CMAKE_PREFIX_PATH or
[0.102s]   set "ament_lint_auto_DIR" to a directory containing one of the above files.
[0.102s]   If "ament_lint_auto" provides a separate development package or SDK, be
[0.102s]   sure it has been installed.
[0.102s] 
[0.102s] [0m
[0.102s] -- Configuring incomplete, errors occurred!
[0.102s] See also "/home/abood/bumperbot_ws/build/bumperbot_description/CMakeFiles/CMakeOutput.log".
[0.103s] Invoked command in '/home/abood/bumperbot_ws/build/bumperbot_description' returned '1': CMAKE_PREFIX_PATH=${CMAKE_PREFIX_PATH}:/home/abood/ros2_test/install/turtlesim_catch_them_all:/home/abood/ros2_test/install/my_py_pkg:/opt/ros/humble /usr/bin/cmake /home/abood/bumperbot_ws/src/bumperbot_description -DCMAKE_INSTALL_PREFIX=/home/abood/bumperbot_ws/install/bumperbot_description
