[0.104s] DEBUG:colcon:Command line arguments: ['/usr/bin/colcon', 'build']
[0.104s] DEBUG:colcon:Parsed command line arguments: Namespace(log_base=None, log_level=None, verb_name='build', build_base='build', install_base='install', merge_install=False, symlink_install=False, test_result_base=None, continue_on_error=False, executor='parallel', parallel_workers=16, event_handlers=None, ignore_user_meta=False, metas=['./colcon.meta'], base_paths=['.'], packages_ignore=None, packages_ignore_regex=None, paths=None, packages_up_to=None, packages_up_to_regex=None, packages_above=None, packages_above_and_dependencies=None, packages_above_depth=None, packages_select_by_dep=None, packages_skip_by_dep=None, packages_skip_up_to=None, packages_select_build_failed=False, packages_skip_build_finished=False, packages_select_test_failures=False, packages_skip_test_passed=False, packages_select=None, packages_skip=None, packages_select_regex=None, packages_skip_regex=None, packages_start=None, packages_end=None, allow_overriding=[], cmake_args=None, cmake_target=None, cmake_target_skip_unavailable=False, cmake_clean_cache=False, cmake_clean_first=False, cmake_force_configure=False, ament_cmake_args=None, catkin_cmake_args=None, catkin_skip_building_tests=False, mixin_files=None, mixin=None, verb_parser=<colcon_mixin.mixin.mixin_argument.MixinArgumentDecorator object at 0x7cc7b4460f40>, verb_extension=<colcon_core.verb.build.BuildVerb object at 0x7cc7b4460100>, main=<bound method BuildVerb.main of <colcon_core.verb.build.BuildVerb object at 0x7cc7b4460100>>, mixin_verb=('build',))
[0.256s] Level 1:colcon.colcon_core.package_discovery:discover_packages(colcon_meta) check parameters
[0.256s] Level 1:colcon.colcon_core.package_discovery:discover_packages(recursive) check parameters
[0.256s] Level 1:colcon.colcon_core.package_discovery:discover_packages(ignore) check parameters
[0.256s] Level 1:colcon.colcon_core.package_discovery:discover_packages(path) check parameters
[0.256s] Level 1:colcon.colcon_core.package_discovery:discover_packages(colcon_meta) discover
[0.256s] Level 1:colcon.colcon_core.package_discovery:discover_packages(recursive) discover
[0.256s] INFO:colcon.colcon_core.package_discovery:Crawling recursively for packages in '/home/abood/bumperbot_ws'
[0.257s] Level 1:colcon.colcon_core.package_identification:_identify(.) by extensions ['ignore', 'ignore_ament_install']
[0.257s] Level 1:colcon.colcon_core.package_identification:_identify(.) by extension 'ignore'
[0.257s] Level 1:colcon.colcon_core.package_identification:_identify(.) by extension 'ignore_ament_install'
[0.257s] Level 1:colcon.colcon_core.package_identification:_identify(.) by extensions ['colcon_pkg']
[0.257s] Level 1:colcon.colcon_core.package_identification:_identify(.) by extension 'colcon_pkg'
[0.257s] Level 1:colcon.colcon_core.package_identification:_identify(.) by extensions ['colcon_meta']
[0.257s] Level 1:colcon.colcon_core.package_identification:_identify(.) by extension 'colcon_meta'
[0.257s] Level 1:colcon.colcon_core.package_identification:_identify(.) by extensions ['ros']
[0.257s] Level 1:colcon.colcon_core.package_identification:_identify(.) by extension 'ros'
[0.267s] Level 1:colcon.colcon_core.package_identification:_identify(.) by extensions ['cmake', 'python']
[0.267s] Level 1:colcon.colcon_core.package_identification:_identify(.) by extension 'cmake'
[0.267s] Level 1:colcon.colcon_core.package_identification:_identify(.) by extension 'python'
[0.267s] Level 1:colcon.colcon_core.package_identification:_identify(.) by extensions ['python_setup_py']
[0.267s] Level 1:colcon.colcon_core.package_identification:_identify(.) by extension 'python_setup_py'
[0.267s] Level 1:colcon.colcon_core.package_identification:_identify(build) by extensions ['ignore', 'ignore_ament_install']
[0.267s] Level 1:colcon.colcon_core.package_identification:_identify(build) by extension 'ignore'
[0.267s] Level 1:colcon.colcon_core.package_identification:_identify(build) ignored
[0.267s] Level 1:colcon.colcon_core.package_identification:_identify(install) by extensions ['ignore', 'ignore_ament_install']
[0.267s] Level 1:colcon.colcon_core.package_identification:_identify(install) by extension 'ignore'
[0.267s] Level 1:colcon.colcon_core.package_identification:_identify(install) ignored
[0.268s] Level 1:colcon.colcon_core.package_identification:_identify(log) by extensions ['ignore', 'ignore_ament_install']
[0.268s] Level 1:colcon.colcon_core.package_identification:_identify(log) by extension 'ignore'
[0.268s] Level 1:colcon.colcon_core.package_identification:_identify(log) ignored
[0.268s] Level 1:colcon.colcon_core.package_identification:_identify(src) by extensions ['ignore', 'ignore_ament_install']
[0.268s] Level 1:colcon.colcon_core.package_identification:_identify(src) by extension 'ignore'
[0.268s] Level 1:colcon.colcon_core.package_identification:_identify(src) by extension 'ignore_ament_install'
[0.268s] Level 1:colcon.colcon_core.package_identification:_identify(src) by extensions ['colcon_pkg']
[0.268s] Level 1:colcon.colcon_core.package_identification:_identify(src) by extension 'colcon_pkg'
[0.268s] Level 1:colcon.colcon_core.package_identification:_identify(src) by extensions ['colcon_meta']
[0.268s] Level 1:colcon.colcon_core.package_identification:_identify(src) by extension 'colcon_meta'
[0.268s] Level 1:colcon.colcon_core.package_identification:_identify(src) by extensions ['ros']
[0.268s] Level 1:colcon.colcon_core.package_identification:_identify(src) by extension 'ros'
[0.268s] Level 1:colcon.colcon_core.package_identification:_identify(src) by extensions ['cmake', 'python']
[0.268s] Level 1:colcon.colcon_core.package_identification:_identify(src) by extension 'cmake'
[0.268s] Level 1:colcon.colcon_core.package_identification:_identify(src) by extension 'python'
[0.268s] Level 1:colcon.colcon_core.package_identification:_identify(src) by extensions ['python_setup_py']
[0.268s] Level 1:colcon.colcon_core.package_identification:_identify(src) by extension 'python_setup_py'
[0.268s] Level 1:colcon.colcon_core.package_identification:_identify(src/bumperbot_description) by extensions ['ignore', 'ignore_ament_install']
[0.268s] Level 1:colcon.colcon_core.package_identification:_identify(src/bumperbot_description) by extension 'ignore'
[0.268s] Level 1:colcon.colcon_core.package_identification:_identify(src/bumperbot_description) by extension 'ignore_ament_install'
[0.268s] Level 1:colcon.colcon_core.package_identification:_identify(src/bumperbot_description) by extensions ['colcon_pkg']
[0.268s] Level 1:colcon.colcon_core.package_identification:_identify(src/bumperbot_description) by extension 'colcon_pkg'
[0.268s] Level 1:colcon.colcon_core.package_identification:_identify(src/bumperbot_description) by extensions ['colcon_meta']
[0.268s] Level 1:colcon.colcon_core.package_identification:_identify(src/bumperbot_description) by extension 'colcon_meta'
[0.268s] Level 1:colcon.colcon_core.package_identification:_identify(src/bumperbot_description) by extensions ['ros']
[0.268s] Level 1:colcon.colcon_core.package_identification:_identify(src/bumperbot_description) by extension 'ros'
[0.271s] DEBUG:colcon.colcon_core.package_identification:Package 'src/bumperbot_description' with type 'ros.ament_cmake' and name 'bumperbot_description'
[0.271s] Level 1:colcon.colcon_core.package_identification:_identify(src/bumperbot_py_examples) by extensions ['ignore', 'ignore_ament_install']
[0.271s] Level 1:colcon.colcon_core.package_identification:_identify(src/bumperbot_py_examples) by extension 'ignore'
[0.271s] Level 1:colcon.colcon_core.package_identification:_identify(src/bumperbot_py_examples) by extension 'ignore_ament_install'
[0.271s] Level 1:colcon.colcon_core.package_identification:_identify(src/bumperbot_py_examples) by extensions ['colcon_pkg']
[0.271s] Level 1:colcon.colcon_core.package_identification:_identify(src/bumperbot_py_examples) by extension 'colcon_pkg'
[0.271s] Level 1:colcon.colcon_core.package_identification:_identify(src/bumperbot_py_examples) by extensions ['colcon_meta']
[0.271s] Level 1:colcon.colcon_core.package_identification:_identify(src/bumperbot_py_examples) by extension 'colcon_meta'
[0.271s] Level 1:colcon.colcon_core.package_identification:_identify(src/bumperbot_py_examples) by extensions ['ros']
[0.271s] Level 1:colcon.colcon_core.package_identification:_identify(src/bumperbot_py_examples) by extension 'ros'
[0.272s] DEBUG:colcon.colcon_core.package_identification:Package 'src/bumperbot_py_examples' with type 'ros.ament_python' and name 'bumperbot_py_examples'
[0.272s] Level 1:colcon.colcon_core.package_discovery:discover_packages(recursive) using defaults
[0.272s] Level 1:colcon.colcon_core.package_discovery:discover_packages(ignore) discover
[0.272s] Level 1:colcon.colcon_core.package_discovery:discover_packages(ignore) using defaults
[0.272s] Level 1:colcon.colcon_core.package_discovery:discover_packages(path) discover
[0.272s] Level 1:colcon.colcon_core.package_discovery:discover_packages(path) using defaults
[0.301s] Level 1:colcon.colcon_core.package_discovery:discover_packages(prefix_path) check parameters
[0.301s] Level 1:colcon.colcon_core.package_discovery:discover_packages(prefix_path) discover
[0.303s] DEBUG:colcon.colcon_installed_package_information.package_discovery:Found 2 installed packages in /home/abood/bumperbot_ws/install
[0.303s] DEBUG:colcon.colcon_installed_package_information.package_discovery:Found 6 installed packages in /home/abood/ros2_test/install
[0.305s] DEBUG:colcon.colcon_installed_package_information.package_discovery:Found 327 installed packages in /opt/ros/humble
[0.307s] Level 1:colcon.colcon_core.package_discovery:discover_packages(prefix_path) using defaults
[0.338s] Level 5:colcon.colcon_core.verb:set package 'bumperbot_description' build argument 'cmake_args' from command line to 'None'
[0.338s] Level 5:colcon.colcon_core.verb:set package 'bumperbot_description' build argument 'cmake_target' from command line to 'None'
[0.338s] Level 5:colcon.colcon_core.verb:set package 'bumperbot_description' build argument 'cmake_target_skip_unavailable' from command line to 'False'
[0.338s] Level 5:colcon.colcon_core.verb:set package 'bumperbot_description' build argument 'cmake_clean_cache' from command line to 'False'
[0.338s] Level 5:colcon.colcon_core.verb:set package 'bumperbot_description' build argument 'cmake_clean_first' from command line to 'False'
[0.338s] Level 5:colcon.colcon_core.verb:set package 'bumperbot_description' build argument 'cmake_force_configure' from command line to 'False'
[0.338s] Level 5:colcon.colcon_core.verb:set package 'bumperbot_description' build argument 'ament_cmake_args' from command line to 'None'
[0.338s] Level 5:colcon.colcon_core.verb:set package 'bumperbot_description' build argument 'catkin_cmake_args' from command line to 'None'
[0.338s] Level 5:colcon.colcon_core.verb:set package 'bumperbot_description' build argument 'catkin_skip_building_tests' from command line to 'False'
[0.339s] DEBUG:colcon.colcon_core.verb:Building package 'bumperbot_description' with the following arguments: {'ament_cmake_args': None, 'build_base': '/home/abood/bumperbot_ws/build/bumperbot_description', 'catkin_cmake_args': None, 'catkin_skip_building_tests': False, 'cmake_args': None, 'cmake_clean_cache': False, 'cmake_clean_first': False, 'cmake_force_configure': False, 'cmake_target': None, 'cmake_target_skip_unavailable': False, 'install_base': '/home/abood/bumperbot_ws/install/bumperbot_description', 'merge_install': False, 'path': '/home/abood/bumperbot_ws/src/bumperbot_description', 'symlink_install': False, 'test_result_base': None}
[0.339s] Level 5:colcon.colcon_core.verb:set package 'bumperbot_py_examples' build argument 'cmake_args' from command line to 'None'
[0.339s] Level 5:colcon.colcon_core.verb:set package 'bumperbot_py_examples' build argument 'cmake_target' from command line to 'None'
[0.339s] Level 5:colcon.colcon_core.verb:set package 'bumperbot_py_examples' build argument 'cmake_target_skip_unavailable' from command line to 'False'
[0.339s] Level 5:colcon.colcon_core.verb:set package 'bumperbot_py_examples' build argument 'cmake_clean_cache' from command line to 'False'
[0.339s] Level 5:colcon.colcon_core.verb:set package 'bumperbot_py_examples' build argument 'cmake_clean_first' from command line to 'False'
[0.339s] Level 5:colcon.colcon_core.verb:set package 'bumperbot_py_examples' build argument 'cmake_force_configure' from command line to 'False'
[0.339s] Level 5:colcon.colcon_core.verb:set package 'bumperbot_py_examples' build argument 'ament_cmake_args' from command line to 'None'
[0.339s] Level 5:colcon.colcon_core.verb:set package 'bumperbot_py_examples' build argument 'catkin_cmake_args' from command line to 'None'
[0.339s] Level 5:colcon.colcon_core.verb:set package 'bumperbot_py_examples' build argument 'catkin_skip_building_tests' from command line to 'False'
[0.339s] DEBUG:colcon.colcon_core.verb:Building package 'bumperbot_py_examples' with the following arguments: {'ament_cmake_args': None, 'build_base': '/home/abood/bumperbot_ws/build/bumperbot_py_examples', 'catkin_cmake_args': None, 'catkin_skip_building_tests': False, 'cmake_args': None, 'cmake_clean_cache': False, 'cmake_clean_first': False, 'cmake_force_configure': False, 'cmake_target': None, 'cmake_target_skip_unavailable': False, 'install_base': '/home/abood/bumperbot_ws/install/bumperbot_py_examples', 'merge_install': False, 'path': '/home/abood/bumperbot_ws/src/bumperbot_py_examples', 'symlink_install': False, 'test_result_base': None}
[0.339s] INFO:colcon.colcon_core.executor:Executing jobs using 'parallel' executor
[0.340s] DEBUG:colcon.colcon_parallel_executor.executor.parallel:run_until_complete
[0.341s] INFO:colcon.colcon_ros.task.ament_cmake.build:Building ROS package in '/home/abood/bumperbot_ws/src/bumperbot_description' with build type 'ament_cmake'
[0.341s] INFO:colcon.colcon_cmake.task.cmake.build:Building CMake package in '/home/abood/bumperbot_ws/src/bumperbot_description'
[0.343s] INFO:colcon.colcon_core.plugin_system:Skipping extension 'colcon_core.shell.bat': Not used on non-Windows systems
[0.343s] INFO:colcon.colcon_core.shell:Skip shell extension 'powershell' for command environment: Not usable outside of PowerShell
[0.343s] DEBUG:colcon.colcon_core.shell:Skip shell extension 'dsv' for command environment
[0.347s] INFO:colcon.colcon_ros.task.ament_python.build:Building ROS package in '/home/abood/bumperbot_ws/src/bumperbot_py_examples' with build type 'ament_python'
[0.348s] Level 1:colcon.colcon_core.shell:create_environment_hook('bumperbot_py_examples', 'ament_prefix_path')
[0.348s] INFO:colcon.colcon_core.shell:Creating environment hook '/home/abood/bumperbot_ws/install/bumperbot_py_examples/share/bumperbot_py_examples/hook/ament_prefix_path.ps1'
[0.349s] INFO:colcon.colcon_core.shell:Creating environment descriptor '/home/abood/bumperbot_ws/install/bumperbot_py_examples/share/bumperbot_py_examples/hook/ament_prefix_path.dsv'
[0.349s] INFO:colcon.colcon_core.shell:Creating environment hook '/home/abood/bumperbot_ws/install/bumperbot_py_examples/share/bumperbot_py_examples/hook/ament_prefix_path.sh'
[0.350s] INFO:colcon.colcon_core.shell:Skip shell extension 'powershell' for command environment: Not usable outside of PowerShell
[0.350s] DEBUG:colcon.colcon_core.shell:Skip shell extension 'dsv' for command environment
[0.359s] DEBUG:colcon.colcon_core.event_handler.log_command:Invoking command in '/home/abood/bumperbot_ws/build/bumperbot_description': CMAKE_PREFIX_PATH=${CMAKE_PREFIX_PATH}:/home/abood/ros2_test/install/turtlesim_catch_them_all:/home/abood/ros2_test/install/my_py_pkg:/opt/ros/humble /usr/bin/cmake --build /home/abood/bumperbot_ws/build/bumperbot_description -- -j16 -l16
[0.606s] INFO:colcon.colcon_core.task.python.build:Building Python package in '/home/abood/bumperbot_ws/src/bumperbot_py_examples'
[0.607s] INFO:colcon.colcon_core.shell:Skip shell extension 'powershell' for command environment: Not usable outside of PowerShell
[0.607s] DEBUG:colcon.colcon_core.shell:Skip shell extension 'dsv' for command environment
[0.612s] DEBUG:colcon.colcon_core.event_handler.log_command:Invoked command in '/home/abood/bumperbot_ws/build/bumperbot_description' returned '0': CMAKE_PREFIX_PATH=${CMAKE_PREFIX_PATH}:/home/abood/ros2_test/install/turtlesim_catch_them_all:/home/abood/ros2_test/install/my_py_pkg:/opt/ros/humble /usr/bin/cmake --build /home/abood/bumperbot_ws/build/bumperbot_description -- -j16 -l16
[0.621s] DEBUG:colcon.colcon_core.event_handler.log_command:Invoking command in '/home/abood/bumperbot_ws/build/bumperbot_description': CMAKE_PREFIX_PATH=${CMAKE_PREFIX_PATH}:/home/abood/ros2_test/install/turtlesim_catch_them_all:/home/abood/ros2_test/install/my_py_pkg:/opt/ros/humble /usr/bin/cmake --install /home/abood/bumperbot_ws/build/bumperbot_description
[0.630s] Level 1:colcon.colcon_core.environment:create_environment_scripts_only(bumperbot_description)
[0.631s] DEBUG:colcon.colcon_core.event_handler.log_command:Invoked command in '/home/abood/bumperbot_ws/build/bumperbot_description' returned '0': CMAKE_PREFIX_PATH=${CMAKE_PREFIX_PATH}:/home/abood/ros2_test/install/turtlesim_catch_them_all:/home/abood/ros2_test/install/my_py_pkg:/opt/ros/humble /usr/bin/cmake --install /home/abood/bumperbot_ws/build/bumperbot_description
[0.633s] Level 1:colcon.colcon_core.environment:checking '/home/abood/bumperbot_ws/install/bumperbot_description' for CMake module files
[0.634s] Level 1:colcon.colcon_core.environment:checking '/home/abood/bumperbot_ws/install/bumperbot_description' for CMake config files
[0.634s] Level 1:colcon.colcon_core.shell:create_environment_hook('bumperbot_description', 'cmake_prefix_path')
[0.635s] INFO:colcon.colcon_core.shell:Creating environment hook '/home/abood/bumperbot_ws/install/bumperbot_description/share/bumperbot_description/hook/cmake_prefix_path.ps1'
[0.635s] INFO:colcon.colcon_core.shell:Creating environment descriptor '/home/abood/bumperbot_ws/install/bumperbot_description/share/bumperbot_description/hook/cmake_prefix_path.dsv'
[0.635s] INFO:colcon.colcon_core.shell:Creating environment hook '/home/abood/bumperbot_ws/install/bumperbot_description/share/bumperbot_description/hook/cmake_prefix_path.sh'
[0.636s] Level 1:colcon.colcon_core.environment:checking '/home/abood/bumperbot_ws/install/bumperbot_description/bin'
[0.636s] Level 1:colcon.colcon_core.environment:checking '/home/abood/bumperbot_ws/install/bumperbot_description/lib/pkgconfig/bumperbot_description.pc'
[0.637s] Level 1:colcon.colcon_core.environment:checking '/home/abood/bumperbot_ws/install/bumperbot_description/lib/python3.10/site-packages'
[0.637s] Level 1:colcon.colcon_core.environment:checking '/home/abood/bumperbot_ws/install/bumperbot_description/bin'
[0.637s] INFO:colcon.colcon_core.shell:Creating package script '/home/abood/bumperbot_ws/install/bumperbot_description/share/bumperbot_description/package.ps1'
[0.638s] INFO:colcon.colcon_core.shell:Creating package descriptor '/home/abood/bumperbot_ws/install/bumperbot_description/share/bumperbot_description/package.dsv'
[0.638s] INFO:colcon.colcon_core.shell:Creating package script '/home/abood/bumperbot_ws/install/bumperbot_description/share/bumperbot_description/package.sh'
[0.640s] INFO:colcon.colcon_core.shell:Creating package script '/home/abood/bumperbot_ws/install/bumperbot_description/share/bumperbot_description/package.bash'
[0.641s] INFO:colcon.colcon_core.shell:Creating package script '/home/abood/bumperbot_ws/install/bumperbot_description/share/bumperbot_description/package.zsh'
[0.641s] Level 1:colcon.colcon_core.environment:create_file_with_runtime_dependencies(/home/abood/bumperbot_ws/install/bumperbot_description/share/colcon-core/packages/bumperbot_description)
[0.642s] Level 1:colcon.colcon_core.environment:create_environment_scripts_only(bumperbot_description)
[0.642s] Level 1:colcon.colcon_core.environment:checking '/home/abood/bumperbot_ws/install/bumperbot_description' for CMake module files
[0.643s] Level 1:colcon.colcon_core.environment:checking '/home/abood/bumperbot_ws/install/bumperbot_description' for CMake config files
[0.643s] Level 1:colcon.colcon_core.shell:create_environment_hook('bumperbot_description', 'cmake_prefix_path')
[0.643s] INFO:colcon.colcon_core.shell:Creating environment hook '/home/abood/bumperbot_ws/install/bumperbot_description/share/bumperbot_description/hook/cmake_prefix_path.ps1'
[0.643s] INFO:colcon.colcon_core.shell:Creating environment descriptor '/home/abood/bumperbot_ws/install/bumperbot_description/share/bumperbot_description/hook/cmake_prefix_path.dsv'
[0.644s] INFO:colcon.colcon_core.shell:Creating environment hook '/home/abood/bumperbot_ws/install/bumperbot_description/share/bumperbot_description/hook/cmake_prefix_path.sh'
[0.644s] Level 1:colcon.colcon_core.environment:checking '/home/abood/bumperbot_ws/install/bumperbot_description/bin'
[0.644s] Level 1:colcon.colcon_core.environment:checking '/home/abood/bumperbot_ws/install/bumperbot_description/lib/pkgconfig/bumperbot_description.pc'
[0.645s] Level 1:colcon.colcon_core.environment:checking '/home/abood/bumperbot_ws/install/bumperbot_description/lib/python3.10/site-packages'
[0.645s] Level 1:colcon.colcon_core.environment:checking '/home/abood/bumperbot_ws/install/bumperbot_description/bin'
[0.645s] INFO:colcon.colcon_core.shell:Creating package script '/home/abood/bumperbot_ws/install/bumperbot_description/share/bumperbot_description/package.ps1'
[0.645s] INFO:colcon.colcon_core.shell:Creating package descriptor '/home/abood/bumperbot_ws/install/bumperbot_description/share/bumperbot_description/package.dsv'
[0.646s] INFO:colcon.colcon_core.shell:Creating package script '/home/abood/bumperbot_ws/install/bumperbot_description/share/bumperbot_description/package.sh'
[0.646s] INFO:colcon.colcon_core.shell:Creating package script '/home/abood/bumperbot_ws/install/bumperbot_description/share/bumperbot_description/package.bash'
[0.647s] INFO:colcon.colcon_core.shell:Creating package script '/home/abood/bumperbot_ws/install/bumperbot_description/share/bumperbot_description/package.zsh'
[0.647s] Level 1:colcon.colcon_core.environment:create_file_with_runtime_dependencies(/home/abood/bumperbot_ws/install/bumperbot_description/share/colcon-core/packages/bumperbot_description)
[0.972s] DEBUG:colcon.colcon_core.event_handler.log_command:Invoking command in '/home/abood/bumperbot_ws/src/bumperbot_py_examples': PYTHONPATH=/home/abood/bumperbot_ws/build/bumperbot_py_examples/prefix_override:/usr/lib/python3/dist-packages/colcon_core/task/python/colcon_distutils_commands:/home/abood/bumperbot_ws/install/bumperbot_py_examples/lib/python3.10/site-packages:${PYTHONPATH} /usr/bin/python3 -W ignore:setup.py install is deprecated -W ignore:easy_install command is deprecated setup.py egg_info --egg-base ../../build/bumperbot_py_examples build --build-base /home/abood/bumperbot_ws/build/bumperbot_py_examples/build install --record /home/abood/bumperbot_ws/build/bumperbot_py_examples/install.log --single-version-externally-managed install_data
[1.252s] Level 1:colcon.colcon_core.environment:checking '/home/abood/bumperbot_ws/install/bumperbot_py_examples' for CMake module files
[1.253s] DEBUG:colcon.colcon_core.event_handler.log_command:Invoked command in '/home/abood/bumperbot_ws/src/bumperbot_py_examples' returned '0': PYTHONPATH=/home/abood/bumperbot_ws/build/bumperbot_py_examples/prefix_override:/usr/lib/python3/dist-packages/colcon_core/task/python/colcon_distutils_commands:/home/abood/bumperbot_ws/install/bumperbot_py_examples/lib/python3.10/site-packages:${PYTHONPATH} /usr/bin/python3 -W ignore:setup.py install is deprecated -W ignore:easy_install command is deprecated setup.py egg_info --egg-base ../../build/bumperbot_py_examples build --build-base /home/abood/bumperbot_ws/build/bumperbot_py_examples/build install --record /home/abood/bumperbot_ws/build/bumperbot_py_examples/install.log --single-version-externally-managed install_data
[1.254s] Level 1:colcon.colcon_core.environment:checking '/home/abood/bumperbot_ws/install/bumperbot_py_examples' for CMake config files
[1.254s] Level 1:colcon.colcon_core.environment:checking '/home/abood/bumperbot_ws/install/bumperbot_py_examples/lib'
[1.254s] Level 1:colcon.colcon_core.environment:checking '/home/abood/bumperbot_ws/install/bumperbot_py_examples/bin'
[1.254s] Level 1:colcon.colcon_core.environment:checking '/home/abood/bumperbot_ws/install/bumperbot_py_examples/lib/pkgconfig/bumperbot_py_examples.pc'
[1.255s] Level 1:colcon.colcon_core.environment:checking '/home/abood/bumperbot_ws/install/bumperbot_py_examples/lib/python3.10/site-packages'
[1.255s] Level 1:colcon.colcon_core.shell:create_environment_hook('bumperbot_py_examples', 'pythonpath')
[1.255s] INFO:colcon.colcon_core.shell:Creating environment hook '/home/abood/bumperbot_ws/install/bumperbot_py_examples/share/bumperbot_py_examples/hook/pythonpath.ps1'
[1.255s] INFO:colcon.colcon_core.shell:Creating environment descriptor '/home/abood/bumperbot_ws/install/bumperbot_py_examples/share/bumperbot_py_examples/hook/pythonpath.dsv'
[1.256s] INFO:colcon.colcon_core.shell:Creating environment hook '/home/abood/bumperbot_ws/install/bumperbot_py_examples/share/bumperbot_py_examples/hook/pythonpath.sh'
[1.256s] Level 1:colcon.colcon_core.environment:checking '/home/abood/bumperbot_ws/install/bumperbot_py_examples/bin'
[1.256s] Level 1:colcon.colcon_core.environment:create_environment_scripts_only(bumperbot_py_examples)
[1.256s] INFO:colcon.colcon_core.shell:Creating package script '/home/abood/bumperbot_ws/install/bumperbot_py_examples/share/bumperbot_py_examples/package.ps1'
[1.257s] INFO:colcon.colcon_core.shell:Creating package descriptor '/home/abood/bumperbot_ws/install/bumperbot_py_examples/share/bumperbot_py_examples/package.dsv'
[1.257s] INFO:colcon.colcon_core.shell:Creating package script '/home/abood/bumperbot_ws/install/bumperbot_py_examples/share/bumperbot_py_examples/package.sh'
[1.257s] INFO:colcon.colcon_core.shell:Creating package script '/home/abood/bumperbot_ws/install/bumperbot_py_examples/share/bumperbot_py_examples/package.bash'
[1.258s] INFO:colcon.colcon_core.shell:Creating package script '/home/abood/bumperbot_ws/install/bumperbot_py_examples/share/bumperbot_py_examples/package.zsh'
[1.258s] Level 1:colcon.colcon_core.environment:create_file_with_runtime_dependencies(/home/abood/bumperbot_ws/install/bumperbot_py_examples/share/colcon-core/packages/bumperbot_py_examples)
[1.258s] DEBUG:colcon.colcon_parallel_executor.executor.parallel:closing loop
[1.258s] DEBUG:colcon.colcon_parallel_executor.executor.parallel:loop closed
[1.258s] DEBUG:colcon.colcon_parallel_executor.executor.parallel:run_until_complete finished with '0'
[1.258s] DEBUG:colcon.colcon_core.event_reactor:joining thread
[1.263s] INFO:colcon.colcon_core.plugin_system:Skipping extension 'colcon_notification.desktop_notification.terminal_notifier': Not used on non-Darwin systems
[1.263s] INFO:colcon.colcon_core.plugin_system:Skipping extension 'colcon_notification.desktop_notification.win32': Not used on non-Windows systems
[1.263s] INFO:colcon.colcon_notification.desktop_notification:Sending desktop notification using 'notify2'
[1.276s] DEBUG:colcon.colcon_core.event_reactor:joined thread
[1.276s] INFO:colcon.colcon_core.shell:Creating prefix script '/home/abood/bumperbot_ws/install/local_setup.ps1'
[1.278s] INFO:colcon.colcon_core.shell:Creating prefix util module '/home/abood/bumperbot_ws/install/_local_setup_util_ps1.py'
[1.280s] INFO:colcon.colcon_core.shell:Creating prefix chain script '/home/abood/bumperbot_ws/install/setup.ps1'
[1.281s] INFO:colcon.colcon_core.shell:Creating prefix script '/home/abood/bumperbot_ws/install/local_setup.sh'
[1.282s] INFO:colcon.colcon_core.shell:Creating prefix util module '/home/abood/bumperbot_ws/install/_local_setup_util_sh.py'
[1.282s] INFO:colcon.colcon_core.shell:Creating prefix chain script '/home/abood/bumperbot_ws/install/setup.sh'
[1.283s] INFO:colcon.colcon_core.shell:Creating prefix script '/home/abood/bumperbot_ws/install/local_setup.bash'
[1.284s] INFO:colcon.colcon_core.shell:Creating prefix chain script '/home/abood/bumperbot_ws/install/setup.bash'
[1.285s] INFO:colcon.colcon_core.shell:Creating prefix script '/home/abood/bumperbot_ws/install/local_setup.zsh'
[1.285s] INFO:colcon.colcon_core.shell:Creating prefix chain script '/home/abood/bumperbot_ws/install/setup.zsh'
