[0.013s] Invoking command in '/home/abood/bumperbot_ws/build/bumperbot_description': CMAKE_PREFIX_PATH=${CMAKE_PREFIX_PATH}:/home/abood/bumperbot_ws/install/bumperbot_py_examples:/home/abood/ros2_test/install/turtlesim_catch_them_all:/home/abood/ros2_test/install/my_py_pkg:/opt/ros/humble /usr/bin/cmake --build /home/abood/bumperbot_ws/build/bumperbot_description -- -j16 -l16
[0.039s] -- Found ament_cmake: 1.3.12 (/opt/ros/humble/share/ament_cmake/cmake)
[0.164s] -- Found ament_lint_auto: 0.12.14 (/opt/ros/humble/share/ament_lint_auto/cmake)
[0.237s] -- Configuring done
[0.239s] -- Generating done
[0.241s] -- Build files have been written to: /home/abood/bumperbot_ws/build/bumperbot_description
[0.267s] Invoked command in '/home/abood/bumperbot_ws/build/bumperbot_description' returned '0': CMAKE_PREFIX_PATH=${CMAKE_PREFIX_PATH}:/home/abood/bumperbot_ws/install/bumperbot_py_examples:/home/abood/ros2_test/install/turtlesim_catch_them_all:/home/abood/ros2_test/install/my_py_pkg:/opt/ros/humble /usr/bin/cmake --build /home/abood/bumperbot_ws/build/bumperbot_description -- -j16 -l16
[0.275s] Invoking command in '/home/abood/bumperbot_ws/build/bumperbot_description': CMAKE_PREFIX_PATH=${CMAKE_PREFIX_PATH}:/home/abood/bumperbot_ws/install/bumperbot_py_examples:/home/abood/ros2_test/install/turtlesim_catch_them_all:/home/abood/ros2_test/install/my_py_pkg:/opt/ros/humble /usr/bin/cmake --install /home/abood/bumperbot_ws/build/bumperbot_description
[0.281s] -- Install configuration: ""
[0.281s] -- Up-to-date: /home/abood/bumperbot_ws/install/bumperbot_description/share/bumperbot_description/meshes
[0.282s] -- Up-to-date: /home/abood/bumperbot_ws/install/bumperbot_description/share/bumperbot_description/meshes/caster_rear_link.STL
[0.282s] -- Up-to-date: /home/abood/bumperbot_ws/install/bumperbot_description/share/bumperbot_description/meshes/imu_link.STL
[0.282s] -- Up-to-date: /home/abood/bumperbot_ws/install/bumperbot_description/share/bumperbot_description/meshes/wheel_right_link.STL
[0.282s] -- Up-to-date: /home/abood/bumperbot_ws/install/bumperbot_description/share/bumperbot_description/meshes/base_link.STL
[0.282s] -- Up-to-date: /home/abood/bumperbot_ws/install/bumperbot_description/share/bumperbot_description/meshes/caster_front_link.STL
[0.282s] -- Up-to-date: /home/abood/bumperbot_ws/install/bumperbot_description/share/bumperbot_description/meshes/wheel_left_link.STL
[0.282s] -- Up-to-date: /home/abood/bumperbot_ws/install/bumperbot_description/share/bumperbot_description/urdf
[0.282s] -- Up-to-date: /home/abood/bumperbot_ws/install/bumperbot_description/share/bumperbot_description/urdf/bumperbot.urdf.xacro
[0.282s] -- Up-to-date: /home/abood/bumperbot_ws/install/bumperbot_description/share/bumperbot_description/urdf/bumperbot_gazebo.xacro
[0.282s] -- Up-to-date: /home/abood/bumperbot_ws/install/bumperbot_description/share/bumperbot_description/rviz
[0.282s] -- Up-to-date: /home/abood/bumperbot_ws/install/bumperbot_description/share/bumperbot_description/rviz/display.rviz
[0.282s] -- Up-to-date: /home/abood/bumperbot_ws/install/bumperbot_description/share/bumperbot_description/launch
[0.282s] -- Up-to-date: /home/abood/bumperbot_ws/install/bumperbot_description/share/bumperbot_description/launch/display.launch.py
[0.282s] -- Installing: /home/abood/bumperbot_ws/install/bumperbot_description/share/bumperbot_description/launch/gazebo.launcg.py
[0.282s] -- Installing: /home/abood/bumperbot_ws/install/bumperbot_description/share/ament_index/resource_index/package_run_dependencies/bumperbot_description
[0.282s] -- Up-to-date: /home/abood/bumperbot_ws/install/bumperbot_description/share/ament_index/resource_index/parent_prefix_path/bumperbot_description
[0.283s] -- Up-to-date: /home/abood/bumperbot_ws/install/bumperbot_description/share/bumperbot_description/environment/ament_prefix_path.sh
[0.283s] -- Installing: /home/abood/bumperbot_ws/install/bumperbot_description/share/bumperbot_description/environment/ament_prefix_path.dsv
[0.283s] -- Up-to-date: /home/abood/bumperbot_ws/install/bumperbot_description/share/bumperbot_description/environment/path.sh
[0.283s] -- Installing: /home/abood/bumperbot_ws/install/bumperbot_description/share/bumperbot_description/environment/path.dsv
[0.283s] -- Up-to-date: /home/abood/bumperbot_ws/install/bumperbot_description/share/bumperbot_description/local_setup.bash
[0.283s] -- Up-to-date: /home/abood/bumperbot_ws/install/bumperbot_description/share/bumperbot_description/local_setup.sh
[0.283s] -- Up-to-date: /home/abood/bumperbot_ws/install/bumperbot_description/share/bumperbot_description/local_setup.zsh
[0.283s] -- Installing: /home/abood/bumperbot_ws/install/bumperbot_description/share/bumperbot_description/local_setup.dsv
[0.283s] -- Installing: /home/abood/bumperbot_ws/install/bumperbot_description/share/bumperbot_description/package.dsv
[0.283s] -- Up-to-date: /home/abood/bumperbot_ws/install/bumperbot_description/share/ament_index/resource_index/packages/bumperbot_description
[0.283s] -- Up-to-date: /home/abood/bumperbot_ws/install/bumperbot_description/share/bumperbot_description/cmake/bumperbot_descriptionConfig.cmake
[0.283s] -- Up-to-date: /home/abood/bumperbot_ws/install/bumperbot_description/share/bumperbot_description/cmake/bumperbot_descriptionConfig-version.cmake
[0.283s] -- Installing: /home/abood/bumperbot_ws/install/bumperbot_description/share/bumperbot_description/package.xml
[0.284s] Invoked command in '/home/abood/bumperbot_ws/build/bumperbot_description' returned '0': CMAKE_PREFIX_PATH=${CMAKE_PREFIX_PATH}:/home/abood/bumperbot_ws/install/bumperbot_py_examples:/home/abood/ros2_test/install/turtlesim_catch_them_all:/home/abood/ros2_test/install/my_py_pkg:/opt/ros/humble /usr/bin/cmake --install /home/abood/bumperbot_ws/build/bumperbot_description
