[0.013s] Invoking command in '/home/abood/bumperbot_ws/build/bumperbot_controller': CMAKE_PREFIX_PATH=${CMAKE_PREFIX_PATH}:/home/abood/bumperbot_ws/install/bumperbot_py_examples:/home/abood/ros2_test/install/turtlesim_catch_them_all:/home/abood/ros2_test/install/my_py_pkg:/opt/ros/humble /usr/bin/cmake --build /home/abood/bumperbot_ws/build/bumperbot_controller -- -j16 -l16
[0.045s] Built target ament_cmake_python_copy_bumperbot_controller
[0.201s] running egg_info
[0.202s] writing bumperbot_controller.egg-info/PKG-INFO
[0.202s] writing dependency_links to bumperbot_controller.egg-info/dependency_links.txt
[0.202s] writing top-level names to bumperbot_controller.egg-info/top_level.txt
[0.203s] reading manifest file 'bumperbot_controller.egg-info/SOURCES.txt'
[0.204s] writing manifest file 'bumperbot_controller.egg-info/SOURCES.txt'
[0.220s] Built target ament_cmake_python_build_bumperbot_controller_egg
[0.227s] Invoked command in '/home/abood/bumperbot_ws/build/bumperbot_controller' returned '0': CMAKE_PREFIX_PATH=${CMAKE_PREFIX_PATH}:/home/abood/bumperbot_ws/install/bumperbot_py_examples:/home/abood/ros2_test/install/turtlesim_catch_them_all:/home/abood/ros2_test/install/my_py_pkg:/opt/ros/humble /usr/bin/cmake --build /home/abood/bumperbot_ws/build/bumperbot_controller -- -j16 -l16
[0.228s] Invoking command in '/home/abood/bumperbot_ws/build/bumperbot_controller': CMAKE_PREFIX_PATH=${CMAKE_PREFIX_PATH}:/home/abood/bumperbot_ws/install/bumperbot_py_examples:/home/abood/ros2_test/install/turtlesim_catch_them_all:/home/abood/ros2_test/install/my_py_pkg:/opt/ros/humble /usr/bin/cmake --install /home/abood/bumperbot_ws/build/bumperbot_controller
[0.233s] -- Install configuration: ""
[0.233s] -- Up-to-date: /home/abood/bumperbot_ws/install/bumperbot_controller/share/bumperbot_controller/environment/pythonpath.sh
[0.233s] -- Up-to-date: /home/abood/bumperbot_ws/install/bumperbot_controller/share/bumperbot_controller/environment/pythonpath.dsv
[0.233s] -- Up-to-date: /home/abood/bumperbot_ws/install/bumperbot_controller/local/lib/python3.10/dist-packages/bumperbot_controller-0.0.0-py3.10.egg-info
[0.233s] -- Installing: /home/abood/bumperbot_ws/install/bumperbot_controller/local/lib/python3.10/dist-packages/bumperbot_controller-0.0.0-py3.10.egg-info/PKG-INFO
[0.233s] -- Installing: /home/abood/bumperbot_ws/install/bumperbot_controller/local/lib/python3.10/dist-packages/bumperbot_controller-0.0.0-py3.10.egg-info/top_level.txt
[0.233s] -- Installing: /home/abood/bumperbot_ws/install/bumperbot_controller/local/lib/python3.10/dist-packages/bumperbot_controller-0.0.0-py3.10.egg-info/SOURCES.txt
[0.233s] -- Installing: /home/abood/bumperbot_ws/install/bumperbot_controller/local/lib/python3.10/dist-packages/bumperbot_controller-0.0.0-py3.10.egg-info/dependency_links.txt
[0.233s] -- Up-to-date: /home/abood/bumperbot_ws/install/bumperbot_controller/local/lib/python3.10/dist-packages/bumperbot_controller
[0.233s] -- Up-to-date: /home/abood/bumperbot_ws/install/bumperbot_controller/local/lib/python3.10/dist-packages/bumperbot_controller/__init__.py
[0.233s] -- Up-to-date: /home/abood/bumperbot_ws/install/bumperbot_controller/local/lib/python3.10/dist-packages/bumperbot_controller/simple_controller.py
[0.254s] Listing '/home/abood/bumperbot_ws/install/bumperbot_controller/local/lib/python3.10/dist-packages/bumperbot_controller'...
[0.256s] -- Up-to-date: /home/abood/bumperbot_ws/install/bumperbot_controller/share/bumperbot_controller/config
[0.256s] -- Up-to-date: /home/abood/bumperbot_ws/install/bumperbot_controller/share/bumperbot_controller/config/bumperbot_controllers.yaml
[0.257s] -- Up-to-date: /home/abood/bumperbot_ws/install/bumperbot_controller/share/bumperbot_controller/launch
[0.257s] -- Up-to-date: /home/abood/bumperbot_ws/install/bumperbot_controller/share/bumperbot_controller/launch/controller.launch.py
[0.257s] -- Up-to-date: /home/abood/bumperbot_ws/install/bumperbot_controller/lib/bumperbot_controller/simple_controller.py
[0.257s] -- Up-to-date: /home/abood/bumperbot_ws/install/bumperbot_controller/share/ament_index/resource_index/package_run_dependencies/bumperbot_controller
[0.257s] -- Up-to-date: /home/abood/bumperbot_ws/install/bumperbot_controller/share/ament_index/resource_index/parent_prefix_path/bumperbot_controller
[0.257s] -- Up-to-date: /home/abood/bumperbot_ws/install/bumperbot_controller/share/bumperbot_controller/environment/ament_prefix_path.sh
[0.257s] -- Up-to-date: /home/abood/bumperbot_ws/install/bumperbot_controller/share/bumperbot_controller/environment/ament_prefix_path.dsv
[0.257s] -- Up-to-date: /home/abood/bumperbot_ws/install/bumperbot_controller/share/bumperbot_controller/environment/path.sh
[0.257s] -- Up-to-date: /home/abood/bumperbot_ws/install/bumperbot_controller/share/bumperbot_controller/environment/path.dsv
[0.257s] -- Up-to-date: /home/abood/bumperbot_ws/install/bumperbot_controller/share/bumperbot_controller/local_setup.bash
[0.257s] -- Up-to-date: /home/abood/bumperbot_ws/install/bumperbot_controller/share/bumperbot_controller/local_setup.sh
[0.257s] -- Up-to-date: /home/abood/bumperbot_ws/install/bumperbot_controller/share/bumperbot_controller/local_setup.zsh
[0.257s] -- Up-to-date: /home/abood/bumperbot_ws/install/bumperbot_controller/share/bumperbot_controller/local_setup.dsv
[0.257s] -- Up-to-date: /home/abood/bumperbot_ws/install/bumperbot_controller/share/bumperbot_controller/package.dsv
[0.257s] -- Up-to-date: /home/abood/bumperbot_ws/install/bumperbot_controller/share/ament_index/resource_index/packages/bumperbot_controller
[0.257s] -- Up-to-date: /home/abood/bumperbot_ws/install/bumperbot_controller/share/bumperbot_controller/cmake/bumperbot_controllerConfig.cmake
[0.257s] -- Up-to-date: /home/abood/bumperbot_ws/install/bumperbot_controller/share/bumperbot_controller/cmake/bumperbot_controllerConfig-version.cmake
[0.257s] -- Up-to-date: /home/abood/bumperbot_ws/install/bumperbot_controller/share/bumperbot_controller/package.xml
[0.259s] Invoked command in '/home/abood/bumperbot_ws/build/bumperbot_controller' returned '0': CMAKE_PREFIX_PATH=${CMAKE_PREFIX_PATH}:/home/abood/bumperbot_ws/install/bumperbot_py_examples:/home/abood/ros2_test/install/turtlesim_catch_them_all:/home/abood/ros2_test/install/my_py_pkg:/opt/ros/humble /usr/bin/cmake --install /home/abood/bumperbot_ws/build/bumperbot_controller
