[0.012s] Invoking command in '/home/abood/bumperbot_ws/build/bumperbot_controller': CMAKE_PREFIX_PATH=${CMAKE_PREFIX_PATH}:/home/abood/bumperbot_ws/install/bumperbot_py_examples:/home/abood/ros2_test/install/turtlesim_catch_them_all:/home/abood/ros2_test/install/my_py_pkg:/opt/ros/humble /usr/bin/cmake --build /home/abood/bumperbot_ws/build/bumperbot_controller -- -j16 -l16
[0.165s] Invoked command in '/home/abood/bumperbot_ws/build/bumperbot_controller' returned '0': CMAKE_PREFIX_PATH=${CMAKE_PREFIX_PATH}:/home/abood/bumperbot_ws/install/bumperbot_py_examples:/home/abood/ros2_test/install/turtlesim_catch_them_all:/home/abood/ros2_test/install/my_py_pkg:/opt/ros/humble /usr/bin/cmake --build /home/abood/bumperbot_ws/build/bumperbot_controller -- -j16 -l16
[0.171s] Invoking command in '/home/abood/bumperbot_ws/build/bumperbot_controller': CMAKE_PREFIX_PATH=${CMAKE_PREFIX_PATH}:/home/abood/bumperbot_ws/install/bumperbot_py_examples:/home/abood/ros2_test/install/turtlesim_catch_them_all:/home/abood/ros2_test/install/my_py_pkg:/opt/ros/humble /usr/bin/cmake --install /home/abood/bumperbot_ws/build/bumperbot_controller
[0.176s] -- Install configuration: ""
[0.176s] -- Up-to-date: /home/abood/bumperbot_ws/install/bumperbot_controller/share/bumperbot_controller/config
[0.176s] -- Up-to-date: /home/abood/bumperbot_ws/install/bumperbot_controller/share/bumperbot_controller/config/bumperbot_controllers.yaml
[0.176s] -- Up-to-date: /home/abood/bumperbot_ws/install/bumperbot_controller/share/ament_index/resource_index/package_run_dependencies/bumperbot_controller
[0.176s] -- Up-to-date: /home/abood/bumperbot_ws/install/bumperbot_controller/share/ament_index/resource_index/parent_prefix_path/bumperbot_controller
[0.176s] -- Up-to-date: /home/abood/bumperbot_ws/install/bumperbot_controller/share/bumperbot_controller/environment/ament_prefix_path.sh
[0.176s] -- Up-to-date: /home/abood/bumperbot_ws/install/bumperbot_controller/share/bumperbot_controller/environment/ament_prefix_path.dsv
[0.176s] -- Up-to-date: /home/abood/bumperbot_ws/install/bumperbot_controller/share/bumperbot_controller/environment/path.sh
[0.176s] -- Up-to-date: /home/abood/bumperbot_ws/install/bumperbot_controller/share/bumperbot_controller/environment/path.dsv
[0.176s] -- Up-to-date: /home/abood/bumperbot_ws/install/bumperbot_controller/share/bumperbot_controller/local_setup.bash
[0.176s] -- Up-to-date: /home/abood/bumperbot_ws/install/bumperbot_controller/share/bumperbot_controller/local_setup.sh
[0.176s] -- Up-to-date: /home/abood/bumperbot_ws/install/bumperbot_controller/share/bumperbot_controller/local_setup.zsh
[0.176s] -- Up-to-date: /home/abood/bumperbot_ws/install/bumperbot_controller/share/bumperbot_controller/local_setup.dsv
[0.176s] -- Installing: /home/abood/bumperbot_ws/install/bumperbot_controller/share/bumperbot_controller/package.dsv
[0.176s] -- Up-to-date: /home/abood/bumperbot_ws/install/bumperbot_controller/share/ament_index/resource_index/packages/bumperbot_controller
[0.177s] -- Up-to-date: /home/abood/bumperbot_ws/install/bumperbot_controller/share/bumperbot_controller/cmake/bumperbot_controllerConfig.cmake
[0.177s] -- Up-to-date: /home/abood/bumperbot_ws/install/bumperbot_controller/share/bumperbot_controller/cmake/bumperbot_controllerConfig-version.cmake
[0.177s] -- Up-to-date: /home/abood/bumperbot_ws/install/bumperbot_controller/share/bumperbot_controller/package.xml
[0.179s] Invoked command in '/home/abood/bumperbot_ws/build/bumperbot_controller' returned '0': CMAKE_PREFIX_PATH=${CMAKE_PREFIX_PATH}:/home/abood/bumperbot_ws/install/bumperbot_py_examples:/home/abood/ros2_test/install/turtlesim_catch_them_all:/home/abood/ros2_test/install/my_py_pkg:/opt/ros/humble /usr/bin/cmake --install /home/abood/bumperbot_ws/build/bumperbot_controller
