-- Found ament_cmake: 1.3.12 (/opt/ros/humble/share/ament_cmake/cmake)
-- Found ament_lint_auto: 0.12.14 (/opt/ros/humble/share/ament_lint_auto/cmake)
-- Configuring done
-- Generating done
-- Build files have been written to: /home/abood/bumperbot_ws/build/bumperbot_description
-- Install configuration: ""
-- Installing: /home/abood/bumperbot_ws/install/bumperbot_description/share/ament_index/resource_index/package_run_dependencies/bumperbot_description
-- Installing: /home/abood/bumperbot_ws/install/bumperbot_description/share/ament_index/resource_index/parent_prefix_path/bumperbot_description
-- Installing: /home/abood/bumperbot_ws/install/bumperbot_description/share/bumperbot_description/environment/ament_prefix_path.sh
-- Installing: /home/abood/bumperbot_ws/install/bumperbot_description/share/bumperbot_description/environment/ament_prefix_path.dsv
-- Installing: /home/abood/bumperbot_ws/install/bumperbot_description/share/bumperbot_description/environment/path.sh
-- Installing: /home/abood/bumperbot_ws/install/bumperbot_description/share/bumperbot_description/environment/path.dsv
-- Installing: /home/abood/bumperbot_ws/install/bumperbot_description/share/bumperbot_description/local_setup.bash
-- Installing: /home/abood/bumperbot_ws/install/bumperbot_description/share/bumperbot_description/local_setup.sh
-- Installing: /home/abood/bumperbot_ws/install/bumperbot_description/share/bumperbot_description/local_setup.zsh
-- Installing: /home/abood/bumperbot_ws/install/bumperbot_description/share/bumperbot_description/local_setup.dsv
-- Installing: /home/abood/bumperbot_ws/install/bumperbot_description/share/bumperbot_description/package.dsv
-- Installing: /home/abood/bumperbot_ws/install/bumperbot_description/share/ament_index/resource_index/packages/bumperbot_description
-- Installing: /home/abood/bumperbot_ws/install/bumperbot_description/share/bumperbot_description/cmake/bumperbot_descriptionConfig.cmake
-- Installing: /home/abood/bumperbot_ws/install/bumperbot_description/share/bumperbot_description/cmake/bumperbot_descriptionConfig-version.cmake
-- Installing: /home/abood/bumperbot_ws/install/bumperbot_description/share/bumperbot_description/package.xml
