[0.007s] Invoking command in '/home/abood/bumperbot_ws/build/bumperbot_description': CMAKE_PREFIX_PATH=${CMAKE_PREFIX_PATH}:/home/abood/ros2_test/install/turtlesim_catch_them_all:/home/abood/ros2_test/install/my_py_pkg:/opt/ros/humble /usr/bin/cmake /home/abood/bumperbot_ws/src/bumperbot_description -DCMAKE_INSTALL_PREFIX=/home/abood/bumperbot_ws/install/bumperbot_description
[0.014s] -- Found ament_cmake: 1.3.12 (/opt/ros/humble/share/ament_cmake/cmake)
[0.094s] -- Found ament_lint_auto: 0.12.14 (/opt/ros/humble/share/ament_lint_auto/cmake)
[0.142s] -- Configuring done
[0.144s] -- Generating done
[0.144s] -- Build files have been written to: /home/abood/bumperbot_ws/build/bumperbot_description
[0.146s] Invoked command in '/home/abood/bumperbot_ws/build/bumperbot_description' returned '0': CMAKE_PREFIX_PATH=${CMAKE_PREFIX_PATH}:/home/abood/ros2_test/install/turtlesim_catch_them_all:/home/abood/ros2_test/install/my_py_pkg:/opt/ros/humble /usr/bin/cmake /home/abood/bumperbot_ws/src/bumperbot_description -DCMAKE_INSTALL_PREFIX=/home/abood/bumperbot_ws/install/bumperbot_description
[0.148s] Invoking command in '/home/abood/bumperbot_ws/build/bumperbot_description': CMAKE_PREFIX_PATH=${CMAKE_PREFIX_PATH}:/home/abood/ros2_test/install/turtlesim_catch_them_all:/home/abood/ros2_test/install/my_py_pkg:/opt/ros/humble /usr/bin/cmake --build /home/abood/bumperbot_ws/build/bumperbot_description -- -j16 -l16
[0.169s] Invoked command in '/home/abood/bumperbot_ws/build/bumperbot_description' returned '0': CMAKE_PREFIX_PATH=${CMAKE_PREFIX_PATH}:/home/abood/ros2_test/install/turtlesim_catch_them_all:/home/abood/ros2_test/install/my_py_pkg:/opt/ros/humble /usr/bin/cmake --build /home/abood/bumperbot_ws/build/bumperbot_description -- -j16 -l16
[0.174s] Invoking command in '/home/abood/bumperbot_ws/build/bumperbot_description': CMAKE_PREFIX_PATH=${CMAKE_PREFIX_PATH}:/home/abood/ros2_test/install/turtlesim_catch_them_all:/home/abood/ros2_test/install/my_py_pkg:/opt/ros/humble /usr/bin/cmake --install /home/abood/bumperbot_ws/build/bumperbot_description
[0.178s] -- Install configuration: ""
[0.178s] -- Installing: /home/abood/bumperbot_ws/install/bumperbot_description/share/ament_index/resource_index/package_run_dependencies/bumperbot_description
[0.179s] -- Installing: /home/abood/bumperbot_ws/install/bumperbot_description/share/ament_index/resource_index/parent_prefix_path/bumperbot_description
[0.179s] -- Installing: /home/abood/bumperbot_ws/install/bumperbot_description/share/bumperbot_description/environment/ament_prefix_path.sh
[0.179s] -- Installing: /home/abood/bumperbot_ws/install/bumperbot_description/share/bumperbot_description/environment/ament_prefix_path.dsv
[0.179s] -- Installing: /home/abood/bumperbot_ws/install/bumperbot_description/share/bumperbot_description/environment/path.sh
[0.179s] -- Installing: /home/abood/bumperbot_ws/install/bumperbot_description/share/bumperbot_description/environment/path.dsv
[0.179s] -- Installing: /home/abood/bumperbot_ws/install/bumperbot_description/share/bumperbot_description/local_setup.bash
[0.179s] -- Installing: /home/abood/bumperbot_ws/install/bumperbot_description/share/bumperbot_description/local_setup.sh
[0.179s] -- Installing: /home/abood/bumperbot_ws/install/bumperbot_description/share/bumperbot_description/local_setup.zsh
[0.179s] -- Installing: /home/abood/bumperbot_ws/install/bumperbot_description/share/bumperbot_description/local_setup.dsv
[0.179s] -- Installing: /home/abood/bumperbot_ws/install/bumperbot_description/share/bumperbot_description/package.dsv
[0.179s] -- Installing: /home/abood/bumperbot_ws/install/bumperbot_description/share/ament_index/resource_index/packages/bumperbot_description
[0.179s] -- Installing: /home/abood/bumperbot_ws/install/bumperbot_description/share/bumperbot_description/cmake/bumperbot_descriptionConfig.cmake
[0.179s] -- Installing: /home/abood/bumperbot_ws/install/bumperbot_description/share/bumperbot_description/cmake/bumperbot_descriptionConfig-version.cmake
[0.179s] -- Installing: /home/abood/bumperbot_ws/install/bumperbot_description/share/bumperbot_description/package.xml
[0.180s] Invoked command in '/home/abood/bumperbot_ws/build/bumperbot_description' returned '0': CMAKE_PREFIX_PATH=${CMAKE_PREFIX_PATH}:/home/abood/ros2_test/install/turtlesim_catch_them_all:/home/abood/ros2_test/install/my_py_pkg:/opt/ros/humble /usr/bin/cmake --install /home/abood/bumperbot_ws/build/bumperbot_description
