[0.402s] Invoking command in '/home/abood/bumperbot_ws/src/bumperbot_py_examples': PYTHONPATH=/home/abood/bumperbot_ws/build/bumperbot_py_examples/prefix_override:/usr/lib/python3/dist-packages/colcon_core/task/python/colcon_distutils_commands:/home/abood/bumperbot_ws/install/bumperbot_py_examples/lib/python3.10/site-packages:${PYTHONPATH} /usr/bin/python3 -W ignore:setup.py install is deprecated -W ignore:easy_install command is deprecated setup.py egg_info --egg-base ../../build/bumperbot_py_examples build --build-base /home/abood/bumperbot_ws/build/bumperbot_py_examples/build install --record /home/abood/bumperbot_ws/build/bumperbot_py_examples/install.log --single-version-externally-managed install_data
[0.547s] running egg_info
[0.548s] writing ../../build/bumperbot_py_examples/bumperbot_py_examples.egg-info/PKG-INFO
[0.548s] writing dependency_links to ../../build/bumperbot_py_examples/bumperbot_py_examples.egg-info/dependency_links.txt
[0.548s] writing entry points to ../../build/bumperbot_py_examples/bumperbot_py_examples.egg-info/entry_points.txt
[0.548s] writing requirements to ../../build/bumperbot_py_examples/bumperbot_py_examples.egg-info/requires.txt
[0.548s] writing top-level names to ../../build/bumperbot_py_examples/bumperbot_py_examples.egg-info/top_level.txt
[0.549s] reading manifest file '../../build/bumperbot_py_examples/bumperbot_py_examples.egg-info/SOURCES.txt'
[0.549s] writing manifest file '../../build/bumperbot_py_examples/bumperbot_py_examples.egg-info/SOURCES.txt'
[0.550s] running build
[0.550s] running build_py
[0.550s] running install
[0.550s] running install_lib
[0.551s] running install_data
[0.551s] running install_egg_info
[0.552s] removing '/home/abood/bumperbot_ws/install/bumperbot_py_examples/lib/python3.10/site-packages/bumperbot_py_examples-0.0.0-py3.10.egg-info' (and everything under it)
[0.552s] Copying ../../build/bumperbot_py_examples/bumperbot_py_examples.egg-info to /home/abood/bumperbot_ws/install/bumperbot_py_examples/lib/python3.10/site-packages/bumperbot_py_examples-0.0.0-py3.10.egg-info
[0.553s] running install_scripts
[0.566s] Installing simple_parameter script to /home/abood/bumperbot_ws/install/bumperbot_py_examples/lib/bumperbot_py_examples
[0.566s] writing list of installed files to '/home/abood/bumperbot_ws/build/bumperbot_py_examples/install.log'
