[0.603s] Invoking command in '/home/abood/bumperbot_ws/src/bumperbot_py_examples': PYTHONPATH=/home/abood/bumperbot_ws/build/bumperbot_py_examples/prefix_override:/usr/lib/python3/dist-packages/colcon_core/task/python/colcon_distutils_commands:/home/abood/bumperbot_ws/install/bumperbot_py_examples/lib/python3.10/site-packages:${PYTHONPATH} /usr/bin/python3 -W ignore:setup.py install is deprecated -W ignore:easy_install command is deprecated setup.py egg_info --egg-base ../../build/bumperbot_py_examples build --build-base /home/abood/bumperbot_ws/build/bumperbot_py_examples/build install --record /home/abood/bumperbot_ws/build/bumperbot_py_examples/install.log --single-version-externally-managed install_data
[0.841s] running egg_info
[0.842s] creating ../../build/bumperbot_py_examples/bumperbot_py_examples.egg-info
[0.842s] writing ../../build/bumperbot_py_examples/bumperbot_py_examples.egg-info/PKG-INFO
[0.842s] writing dependency_links to ../../build/bumperbot_py_examples/bumperbot_py_examples.egg-info/dependency_links.txt
[0.842s] writing entry points to ../../build/bumperbot_py_examples/bumperbot_py_examples.egg-info/entry_points.txt
[0.842s] writing requirements to ../../build/bumperbot_py_examples/bumperbot_py_examples.egg-info/requires.txt
[0.842s] writing top-level names to ../../build/bumperbot_py_examples/bumperbot_py_examples.egg-info/top_level.txt
[0.843s] writing manifest file '../../build/bumperbot_py_examples/bumperbot_py_examples.egg-info/SOURCES.txt'
[0.843s] reading manifest file '../../build/bumperbot_py_examples/bumperbot_py_examples.egg-info/SOURCES.txt'
[0.844s] writing manifest file '../../build/bumperbot_py_examples/bumperbot_py_examples.egg-info/SOURCES.txt'
[0.844s] running build
[0.844s] running build_py
[0.845s] creating /home/abood/bumperbot_ws/build/bumperbot_py_examples/build
[0.845s] creating /home/abood/bumperbot_ws/build/bumperbot_py_examples/build/lib
[0.845s] creating /home/abood/bumperbot_ws/build/bumperbot_py_examples/build/lib/bumperbot_py_examples
[0.845s] copying bumperbot_py_examples/__init__.py -> /home/abood/bumperbot_ws/build/bumperbot_py_examples/build/lib/bumperbot_py_examples
[0.845s] running install
[0.845s] running install_lib
[0.846s] creating /home/abood/bumperbot_ws/install/bumperbot_py_examples/lib/python3.10/site-packages/bumperbot_py_examples
[0.846s] copying /home/abood/bumperbot_ws/build/bumperbot_py_examples/build/lib/bumperbot_py_examples/__init__.py -> /home/abood/bumperbot_ws/install/bumperbot_py_examples/lib/python3.10/site-packages/bumperbot_py_examples
[0.846s] byte-compiling /home/abood/bumperbot_ws/install/bumperbot_py_examples/lib/python3.10/site-packages/bumperbot_py_examples/__init__.py to __init__.cpython-310.pyc
[0.847s] running install_data
[0.847s] creating /home/abood/bumperbot_ws/install/bumperbot_py_examples/share
[0.848s] creating /home/abood/bumperbot_ws/install/bumperbot_py_examples/share/ament_index
[0.848s] creating /home/abood/bumperbot_ws/install/bumperbot_py_examples/share/ament_index/resource_index
[0.848s] creating /home/abood/bumperbot_ws/install/bumperbot_py_examples/share/ament_index/resource_index/packages
[0.848s] copying resource/bumperbot_py_examples -> /home/abood/bumperbot_ws/install/bumperbot_py_examples/share/ament_index/resource_index/packages
[0.848s] creating /home/abood/bumperbot_ws/install/bumperbot_py_examples/share/bumperbot_py_examples
[0.848s] copying package.xml -> /home/abood/bumperbot_ws/install/bumperbot_py_examples/share/bumperbot_py_examples
[0.848s] running install_egg_info
[0.849s] Copying ../../build/bumperbot_py_examples/bumperbot_py_examples.egg-info to /home/abood/bumperbot_ws/install/bumperbot_py_examples/lib/python3.10/site-packages/bumperbot_py_examples-0.0.0-py3.10.egg-info
[0.850s] running install_scripts
[0.872s] writing list of installed files to '/home/abood/bumperbot_ws/build/bumperbot_py_examples/install.log'
[0.891s] Invoked command in '/home/abood/bumperbot_ws/src/bumperbot_py_examples' returned '0': PYTHONPATH=/home/abood/bumperbot_ws/build/bumperbot_py_examples/prefix_override:/usr/lib/python3/dist-packages/colcon_core/task/python/colcon_distutils_commands:/home/abood/bumperbot_ws/install/bumperbot_py_examples/lib/python3.10/site-packages:${PYTHONPATH} /usr/bin/python3 -W ignore:setup.py install is deprecated -W ignore:easy_install command is deprecated setup.py egg_info --egg-base ../../build/bumperbot_py_examples build --build-base /home/abood/bumperbot_ws/build/bumperbot_py_examples/build install --record /home/abood/bumperbot_ws/build/bumperbot_py_examples/install.log --single-version-externally-managed install_data
