[0.011s] Invoking command in '/home/abood/bumperbot_ws/build/bumperbot_controller': /usr/bin/cmake /home/abood/bumperbot_ws/src/bumperbot_controller -DCMAKE_INSTALL_PREFIX=/home/abood/bumperbot_ws/install/bumperbot_controller
[0.070s] -- The C compiler identification is GNU 11.4.0
[0.128s] -- The CXX compiler identification is GNU 11.4.0
[0.133s] -- Detecting C compiler ABI info
[0.179s] -- Detecting C compiler ABI info - done
[0.183s] -- Check for working C compiler: /usr/bin/cc - skipped
[0.184s] -- Detecting C compile features
[0.184s] -- Detecting C compile features - done
[0.186s] -- Detecting CXX compiler ABI info
[0.237s] -- Detecting CXX compiler ABI info - done
[0.241s] -- Check for working CXX compiler: /usr/bin/c++ - skipped
[0.241s] -- Detecting CXX compile features
[0.242s] -- Detecting CXX compile features - done
[0.243s] -- Found ament_cmake: 1.3.12 (/opt/ros/humble/share/ament_cmake/cmake)
[0.342s] -- Found Python3: /usr/bin/python3 (found version "3.10.12") found components: Interpreter 
[0.409s] -- Found ament_lint_auto: 0.12.14 (/opt/ros/humble/share/ament_lint_auto/cmake)
[0.443s] Error parsing '/home/abood/bumperbot_ws/src/bumperbot_controller/package.xml':
[0.473s] Traceback (most recent call last):
[0.473s]   File "/opt/ros/humble/share/ament_cmake_core/cmake/core/package_xml_2_cmake.py", line 150, in <module>
[0.473s]     main()
[0.473s]   File "/opt/ros/humble/share/ament_cmake_core/cmake/core/package_xml_2_cmake.py", line 53, in main
[0.473s]     raise e
[0.473s]   File "/opt/ros/humble/share/ament_cmake_core/cmake/core/package_xml_2_cmake.py", line 49, in main
[0.473s]     package = parse_package_string(
[0.473s]   File "/usr/lib/python3/dist-packages/catkin_pkg/package.py", line 788, in parse_package_string
[0.473s]     pkg.validate(warnings=warnings)
[0.473s]   File "/usr/lib/python3/dist-packages/catkin_pkg/package.py", line 330, in validate
[0.473s]     raise InvalidPackage('\n'.join(errors), self.filename)
[0.473s] catkin_pkg.package.InvalidPackage: Error(s) in package '/home/abood/bumperbot_ws/src/bumperbot_controller/package.xml':
[0.473s] Invalid email "anaalbakatoshy.gmail.com" for person "abood"
[0.483s] [31mCMake Error at /opt/ros/humble/share/ament_cmake_core/cmake/core/ament_package_xml.cmake:95 (message):
[0.483s]   execute_process(/usr/bin/python3
[0.483s]   /opt/ros/humble/share/ament_cmake_core/cmake/core/package_xml_2_cmake.py
[0.483s]   /home/abood/bumperbot_ws/src/bumperbot_controller/package.xml
[0.483s]   /home/abood/bumperbot_ws/build/bumperbot_controller/ament_cmake_core/package.cmake)
[0.483s]   returned error code 1
[0.483s] Call Stack (most recent call first):
[0.483s]   /opt/ros/humble/share/ament_cmake_core/cmake/core/ament_package_xml.cmake:49 (_ament_package_xml)
[0.483s]   /opt/ros/humble/share/ament_lint_auto/cmake/ament_lint_auto_find_test_dependencies.cmake:31 (ament_package_xml)
[0.483s]   CMakeLists.txt:23 (ament_lint_auto_find_test_dependencies)
[0.483s] 
[0.483s] [0m
[0.484s] -- Configuring incomplete, errors occurred!
[0.484s] See also "/home/abood/bumperbot_ws/build/bumperbot_controller/CMakeFiles/CMakeOutput.log".
[0.486s] Invoked command in '/home/abood/bumperbot_ws/build/bumperbot_controller' returned '1': /usr/bin/cmake /home/abood/bumperbot_ws/src/bumperbot_controller -DCMAKE_INSTALL_PREFIX=/home/abood/bumperbot_ws/install/bumperbot_controller
